<?xml version="1.0" encoding="UTF-8"?>
<testsuite xmlns:xsi="http://www.w3.org/2001/XMLSchema-instance" xsi:schemaLocation="https://maven.apache.org/surefire/maven-surefire-plugin/xsd/surefire-test-report.xsd" name="CucumberTestSuite" time="49.168" tests="15" errors="0" skipped="0" failures="0">
  <properties>
[...]
</properties>
  <testcase name="user on calculator page" classname="User perform addition" time="15.39"/>
  <testcase name="user click All Clear" classname="User perform addition" time="0.149"/>
  <testcase name="user click number eight button" classname="User perform addition" time="0.659"/>
  <testcase name="user click addition" classname="User perform addition" time="0.682"/>
  <testcase name="user click number four button" classname="User perform addition" time="0.634"/>
  <testcase name="user click equal" classname="User perform addition" time="0.851"/>
  <testcase name="User see result addition is &quot;12&quot;" classname="User perform addition" time="1.611"/>
  <testcase name="User perform addition" classname="User perform addition" time="1.623"/>
  <testcase name="user click All Clear" classname="User perform Subtraction" time="16.952"/>
  <testcase name="user click number eight button" classname="User perform Subtraction" time="0.703"/>
  <testcase name="user click subtraction" classname="User perform Subtraction" time="0.822"/>
  <testcase name="user click number four button" classname="User perform Subtraction" time="1.108"/>
  <testcase name="user click equal" classname="User perform Subtraction" time="0.666"/>
  <testcase name="User see result Subtraction is &quot;4&quot;" classname="User perform Subtraction" time="1.583"/>
  <testcase name="User perform Subtraction" classname="User perform Subtraction" time="1.597"/>
</testsuite>